2025-10-05 15:28:50,628 INFO [background-preinit] org.hibernate.validator.internal.util.Version [] : HV000001: Hibernate Validator 8.0.2.Final
2025-10-05 15:28:50,668 INFO [restartedMain] API_BoPhieu.ApiBoPhieuApplication [] : Starting ApiBoPhieuApplication using Java 17.0.11 with PID 34433 (/Users/tanh11704/Desktop/VKU/HK7/Điện toán đám mây/backend/target/classes started by tanh11704 in /Users/tanh11704/Desktop/VKU/HK7/Điện toán đám mây)
2025-10-05 15:28:50,668 DEBUG [restartedMain] API_BoPhieu.ApiBoPhieuApplication [] : Running with Spring Boot v3.5.2, Spring v6.2.8
2025-10-05 15:28:50,668 INFO [restartedMain] API_BoPhieu.ApiBoPhieuApplication [] : No active profile set, falling back to 1 default profile: "default"
2025-10-05 15:28:50,703 INFO [restartedMain] org.springframework.boot.devtools.env.DevToolsPropertyDefaultsPostProcessor [] : Devtools property defaults active! Set 'spring.devtools.add-properties' to 'false' to disable
2025-10-05 15:28:50,703 INFO [restartedMain] org.springframework.boot.devtools.env.DevToolsPropertyDefaultsPostProcessor [] : For additional web related logging consider setting the 'logging.level.web' property to 'DEBUG'
2025-10-05 15:28:51,742 INFO [restartedMain] org.springframework.data.repository.config.RepositoryConfigurationDelegate [] : Multiple Spring Data modules found, entering strict repository configuration mode
2025-10-05 15:28:51,743 INFO [restartedMain] org.springframework.data.repository.config.RepositoryConfigurationDelegate [] : Bootstrapping Spring Data JPA repositories in DEFAULT mode.
2025-10-05 15:28:51,850 INFO [restartedMain] org.springframework.data.repository.config.RepositoryConfigurationDelegate [] : Finished Spring Data repository scanning in 100 ms. Found 11 JPA repository interfaces.
2025-10-05 15:28:51,861 INFO [restartedMain] org.springframework.data.repository.config.RepositoryConfigurationDelegate [] : Multiple Spring Data modules found, entering strict repository configuration mode
2025-10-05 15:28:51,867 INFO [restartedMain] org.springframework.data.repository.config.RepositoryConfigurationDelegate [] : Bootstrapping Spring Data Redis repositories in DEFAULT mode.
2025-10-05 15:28:51,892 INFO [restartedMain] org.springframework.data.repository.config.RepositoryConfigurationExtensionSupport [] : Spring Data Redis - Could not safely identify store assignment for repository candidate interface API_BoPhieu.repository.AttendantRepository; If you want this repository to be a Redis repository, consider annotating your entities with one of these annotations: org.springframework.data.redis.core.RedisHash (preferred), or consider extending one of the following types with your repository: org.springframework.data.keyvalue.repository.KeyValueRepository
2025-10-05 15:28:51,892 INFO [restartedMain] org.springframework.data.repository.config.RepositoryConfigurationExtensionSupport [] : Spring Data Redis - Could not safely identify store assignment for repository candidate interface API_BoPhieu.repository.EventManagerRepo; If you want this repository to be a Redis repository, consider annotating your entities with one of these annotations: org.springframework.data.redis.core.RedisHash (preferred), or consider extending one of the following types with your repository: org.springframework.data.keyvalue.repository.KeyValueRepository
2025-10-05 15:28:51,892 INFO [restartedMain] org.springframework.data.repository.config.RepositoryConfigurationExtensionSupport [] : Spring Data Redis - Could not safely identify store assignment for repository candidate interface API_BoPhieu.repository.EventManagerRepository; If you want this repository to be a Redis repository, consider annotating your entities with one of these annotations: org.springframework.data.redis.core.RedisHash (preferred), or consider extending one of the following types with your repository: org.springframework.data.keyvalue.repository.KeyValueRepository
2025-10-05 15:28:51,893 INFO [restartedMain] org.springframework.data.repository.config.RepositoryConfigurationExtensionSupport [] : Spring Data Redis - Could not safely identify store assignment for repository candidate interface API_BoPhieu.repository.EventRepository; If you want this repository to be a Redis repository, consider annotating your entities with one of these annotations: org.springframework.data.redis.core.RedisHash (preferred), or consider extending one of the following types with your repository: org.springframework.data.keyvalue.repository.KeyValueRepository
2025-10-05 15:28:51,893 INFO [restartedMain] org.springframework.data.repository.config.RepositoryConfigurationExtensionSupport [] : Spring Data Redis - Could not safely identify store assignment for repository candidate interface API_BoPhieu.repository.OptionRepository; If you want this repository to be a Redis repository, consider annotating your entities with one of these annotations: org.springframework.data.redis.core.RedisHash (preferred), or consider extending one of the following types with your repository: org.springframework.data.keyvalue.repository.KeyValueRepository
2025-10-05 15:28:51,893 INFO [restartedMain] org.springframework.data.repository.config.RepositoryConfigurationExtensionSupport [] : Spring Data Redis - Could not safely identify store assignment for repository candidate interface API_BoPhieu.repository.PollRepository; If you want this repository to be a Redis repository, consider annotating your entities with one of these annotations: org.springframework.data.redis.core.RedisHash (preferred), or consider extending one of the following types with your repository: org.springframework.data.keyvalue.repository.KeyValueRepository
2025-10-05 15:28:51,893 INFO [restartedMain] org.springframework.data.repository.config.RepositoryConfigurationExtensionSupport [] : Spring Data Redis - Could not safely identify store assignment for repository candidate interface API_BoPhieu.repository.RefreshTokenRepository; If you want this repository to be a Redis repository, consider annotating your entities with one of these annotations: org.springframework.data.redis.core.RedisHash (preferred), or consider extending one of the following types with your repository: org.springframework.data.keyvalue.repository.KeyValueRepository
2025-10-05 15:28:51,893 INFO [restartedMain] org.springframework.data.repository.config.RepositoryConfigurationExtensionSupport [] : Spring Data Redis - Could not safely identify store assignment for repository candidate interface API_BoPhieu.repository.RoleRepository; If you want this repository to be a Redis repository, consider annotating your entities with one of these annotations: org.springframework.data.redis.core.RedisHash (preferred), or consider extending one of the following types with your repository: org.springframework.data.keyvalue.repository.KeyValueRepository
2025-10-05 15:28:51,893 INFO [restartedMain] org.springframework.data.repository.config.RepositoryConfigurationExtensionSupport [] : Spring Data Redis - Could not safely identify store assignment for repository candidate interface API_BoPhieu.repository.UnitRepository; If you want this repository to be a Redis repository, consider annotating your entities with one of these annotations: org.springframework.data.redis.core.RedisHash (preferred), or consider extending one of the following types with your repository: org.springframework.data.keyvalue.repository.KeyValueRepository
2025-10-05 15:28:51,893 INFO [restartedMain] org.springframework.data.repository.config.RepositoryConfigurationExtensionSupport [] : Spring Data Redis - Could not safely identify store assignment for repository candidate interface API_BoPhieu.repository.UserRepository; If you want this repository to be a Redis repository, consider annotating your entities with one of these annotations: org.springframework.data.redis.core.RedisHash (preferred), or consider extending one of the following types with your repository: org.springframework.data.keyvalue.repository.KeyValueRepository
2025-10-05 15:28:51,893 INFO [restartedMain] org.springframework.data.repository.config.RepositoryConfigurationExtensionSupport [] : Spring Data Redis - Could not safely identify store assignment for repository candidate interface API_BoPhieu.repository.VoteRepository; If you want this repository to be a Redis repository, consider annotating your entities with one of these annotations: org.springframework.data.redis.core.RedisHash (preferred), or consider extending one of the following types with your repository: org.springframework.data.keyvalue.repository.KeyValueRepository
2025-10-05 15:28:51,893 INFO [restartedMain] org.springframework.data.repository.config.RepositoryConfigurationDelegate [] : Finished Spring Data repository scanning in 11 ms. Found 0 Redis repository interfaces.
2025-10-05 15:28:52,382 INFO [restartedMain] org.springframework.boot.web.embedded.tomcat.TomcatWebServer [] : Tomcat initialized with port 8080 (http)
2025-10-05 15:28:52,389 INFO [restartedMain] org.apache.coyote.http11.Http11NioProtocol [] : Initializing ProtocolHandler ["http-nio-8080"]
2025-10-05 15:28:52,390 INFO [restartedMain] org.apache.catalina.core.StandardService [] : Starting service [Tomcat]
2025-10-05 15:28:52,390 INFO [restartedMain] org.apache.catalina.core.StandardEngine [] : Starting Servlet engine: [Apache Tomcat/10.1.42]
2025-10-05 15:28:52,417 INFO [restartedMain] org.apache.catalina.core.ContainerBase.[Tomcat].[localhost].[/] [] : Initializing Spring embedded WebApplicationContext
2025-10-05 15:28:52,417 INFO [restartedMain] org.springframework.boot.web.servlet.context.ServletWebServerApplicationContext [] : Root WebApplicationContext: initialization completed in 1713 ms
2025-10-05 15:28:52,562 INFO [restartedMain] org.hibernate.jpa.internal.util.LogHelper [] : HHH000204: Processing PersistenceUnitInfo [name: default]
2025-10-05 15:28:52,593 INFO [restartedMain] org.hibernate.Version [] : HHH000412: Hibernate ORM core version 6.6.18.Final
2025-10-05 15:28:52,612 INFO [restartedMain] org.hibernate.cache.internal.RegionFactoryInitiator [] : HHH000026: Second-level cache disabled
2025-10-05 15:28:52,754 INFO [restartedMain] org.springframework.orm.jpa.persistenceunit.SpringPersistenceUnitInfo [] : No LoadTimeWeaver setup: ignoring JPA class transformer
2025-10-05 15:28:52,771 INFO [restartedMain] com.zaxxer.hikari.HikariDataSource [] : HikariPool-1 - Starting...
2025-10-05 15:28:52,975 INFO [restartedMain] com.zaxxer.hikari.pool.HikariPool [] : HikariPool-1 - Added connection com.mysql.cj.jdbc.ConnectionImpl@2e410123
2025-10-05 15:28:52,977 INFO [restartedMain] com.zaxxer.hikari.HikariDataSource [] : HikariPool-1 - Start completed.
2025-10-05 15:28:53,005 WARN [restartedMain] org.hibernate.orm.deprecation [] : HHH90000025: MySQL8Dialect does not need to be specified explicitly using 'hibernate.dialect' (remove the property setting and it will be selected by default)
2025-10-05 15:28:53,005 WARN [restartedMain] org.hibernate.orm.deprecation [] : HHH90000026: MySQL8Dialect has been deprecated; use org.hibernate.dialect.MySQLDialect instead
2025-10-05 15:28:53,015 INFO [restartedMain] org.hibernate.orm.connections.pooling [] : HHH10001005: Database info:
	Database JDBC URL [Connecting through datasource 'HikariDataSource (HikariPool-1)']
	Database driver: undefined/unknown
	Database version: 8.0
	Autocommit mode: undefined/unknown
	Isolation level: undefined/unknown
	Minimum pool size: undefined/unknown
	Maximum pool size: undefined/unknown
2025-10-05 15:28:53,610 INFO [restartedMain] org.hibernate.engine.transaction.jta.platform.internal.JtaPlatformInitiator [] : HHH000489: No JTA platform available (set 'hibernate.transaction.jta.platform' to enable JTA platform integration)
2025-10-05 15:28:53,691 INFO [restartedMain] org.springframework.orm.jpa.LocalContainerEntityManagerFactoryBean [] : Initialized JPA EntityManagerFactory for persistence unit 'default'
2025-10-05 15:28:53,909 DEBUG [restartedMain] API_BoPhieu.security.JwtAuthenticationFilter [] : Filter 'jwtAuthenticationFilter' configured for use
2025-10-05 15:28:53,972 INFO [restartedMain] org.springframework.data.jpa.repository.query.QueryEnhancerFactory [] : Hibernate is in classpath; If applicable, HQL parser will be used.
2025-10-05 15:28:54,709 INFO [restartedMain] org.springframework.security.config.annotation.authentication.configuration.InitializeUserDetailsBeanManagerConfigurer$InitializeUserDetailsManagerConfigurer [] : Global AuthenticationManager configured with UserDetailsService bean with name customUserDetailsService
2025-10-05 15:28:55,384 INFO [restartedMain] org.springframework.boot.actuate.endpoint.web.EndpointLinksResolver [] : Exposing 1 endpoint beneath base path '/actuator'
2025-10-05 15:28:55,439 DEBUG [restartedMain] org.springframework.security.web.DefaultSecurityFilterChain [] : Will secure any request with filters: DisableEncodeUrlFilter, WebAsyncManagerIntegrationFilter, SecurityContextHolderFilter, HeaderWriterFilter, CorsFilter, LogoutFilter, JwtAuthenticationFilter, RequestCacheAwareFilter, SecurityContextHolderAwareRequestFilter, AnonymousAuthenticationFilter, SessionManagementFilter, ExceptionTranslationFilter, AuthorizationFilter
2025-10-05 15:28:55,803 INFO [restartedMain] org.springframework.boot.devtools.autoconfigure.OptionalLiveReloadServer [] : LiveReload server is running on port 35729
2025-10-05 15:28:55,846 INFO [restartedMain] org.apache.coyote.http11.Http11NioProtocol [] : Starting ProtocolHandler ["http-nio-8080"]
2025-10-05 15:28:55,858 INFO [restartedMain] org.springframework.boot.web.embedded.tomcat.TomcatWebServer [] : Tomcat started on port 8080 (http) with context path '/'
2025-10-05 15:28:55,881 INFO [restartedMain] API_BoPhieu.ApiBoPhieuApplication [] : Started ApiBoPhieuApplication in 5.519 seconds (process running for 5.913)
2025-10-05 15:28:55,926 DEBUG [restartedMain] org.hibernate.SQL [] : select count(*) from roles r1_0
2025-10-05 15:28:56,004 DEBUG [restartedMain] org.hibernate.SQL [] : select count(*) from users u1_0
2025-10-05 15:28:57,097 INFO [RMI TCP Connection(3)-127.0.0.1] org.apache.catalina.core.ContainerBase.[Tomcat].[localhost].[/] [] : Initializing Spring DispatcherServlet 'dispatcherServlet'
2025-10-05 15:28:57,098 INFO [RMI TCP Connection(3)-127.0.0.1] org.springframework.web.servlet.DispatcherServlet [] : Initializing Servlet 'dispatcherServlet'
2025-10-05 15:28:57,099 INFO [RMI TCP Connection(3)-127.0.0.1] org.springframework.web.servlet.DispatcherServlet [] : Completed initialization in 1 ms
2025-10-05 15:29:00,044 INFO [scheduling-1] API_BoPhieu.scheduler.EventStatusScheduler [] : [CRON JOB] Đang chạy công việc cập nhật trạng thái sự kiện...
2025-10-05 15:29:00,082 DEBUG [scheduling-1] org.hibernate.SQL [] : update events e1_0 set status='ONGOING' where e1_0.status='UPCOMING' and e1_0.start_time<=?
2025-10-05 15:29:00,111 INFO [scheduling-1] API_BoPhieu.scheduler.EventStatusScheduler [] : [CRON JOB] Đã cập nhật 3 sự kiện từ SẮP DIỄN RA thành ĐANG DIỄN RA.
2025-10-05 15:29:00,112 DEBUG [scheduling-1] org.hibernate.SQL [] : update events e1_0 set status='COMPLETED' where e1_0.status='ONGOING' and e1_0.end_time<=?
2025-10-05 15:29:00,114 INFO [scheduling-1] API_BoPhieu.scheduler.EventStatusScheduler [] : [CRON JOB] Đã cập nhật 3 sự kiện từ ĐANG DIỄN RA thành ĐÃ HOÀN THÀNH.
2025-10-05 15:29:23,802 DEBUG [http-nio-8080-exec-1] org.springframework.security.web.FilterChainProxy [] : Securing GET /api/v1/auth/auth-user
2025-10-05 15:29:23,908 DEBUG [http-nio-8080-exec-1] org.springframework.security.web.authentication.AnonymousAuthenticationFilter [] : Set SecurityContextHolder to anonymous SecurityContext
2025-10-05 15:29:23,916 DEBUG [http-nio-8080-exec-1] org.springframework.security.web.FilterChainProxy [] : Secured GET /api/v1/auth/auth-user
2025-10-05 15:29:23,918 INFO [http-nio-8080-exec-1] API_BoPhieu.config.MdcFilter [9f082f5a] : Request Bắt đầu: GET /api/v1/auth/auth-user
2025-10-05 15:29:23,974 WARN [http-nio-8080-exec-1] API_BoPhieu.exception.GlobalExceptionHandler [9f082f5a] : 401 GET /api/v1/auth/auth-user - Người dùng chưa xác thực
2025-10-05 15:29:24,019 WARN [http-nio-8080-exec-1] org.springframework.web.servlet.mvc.method.annotation.ExceptionHandlerExceptionResolver [9f082f5a] : Resolved [API_BoPhieu.exception.AuthException: Người dùng chưa xác thực]
2025-10-05 15:29:24,023 INFO [http-nio-8080-exec-1] API_BoPhieu.config.MdcFilter [9f082f5a] : Request Kết thúc: GET /api/v1/auth/auth-user - Thời gian: 106ms
2025-10-05 15:29:24,044 DEBUG [http-nio-8080-exec-2] org.springframework.security.web.FilterChainProxy [] : Securing POST /api/v1/auth/refresh-token
2025-10-05 15:29:24,047 DEBUG [http-nio-8080-exec-2] org.springframework.security.web.authentication.AnonymousAuthenticationFilter [] : Set SecurityContextHolder to anonymous SecurityContext
2025-10-05 15:29:24,047 DEBUG [http-nio-8080-exec-2] org.springframework.security.web.FilterChainProxy [] : Secured POST /api/v1/auth/refresh-token
2025-10-05 15:29:24,048 INFO [http-nio-8080-exec-2] API_BoPhieu.config.MdcFilter [90810dbe] : Request Bắt đầu: POST /api/v1/auth/refresh-token
2025-10-05 15:29:24,052 WARN [http-nio-8080-exec-2] API_BoPhieu.exception.GlobalExceptionHandler [90810dbe] : 401 POST /api/v1/auth/refresh-token - Không có refresh token
2025-10-05 15:29:24,054 WARN [http-nio-8080-exec-2] org.springframework.web.servlet.mvc.method.annotation.ExceptionHandlerExceptionResolver [90810dbe] : Resolved [API_BoPhieu.exception.AuthException: Không có refresh token]
2025-10-05 15:29:24,055 INFO [http-nio-8080-exec-2] API_BoPhieu.config.MdcFilter [90810dbe] : Request Kết thúc: POST /api/v1/auth/refresh-token - Thời gian: 8ms
2025-10-05 15:29:24,129 DEBUG [http-nio-8080-exec-3] org.springframework.security.web.FilterChainProxy [] : Securing GET /api/v1/events?page=0&size=5&sortBy=startTime&sortDir=asc&status=UPCOMING
2025-10-05 15:29:24,132 DEBUG [http-nio-8080-exec-3] org.springframework.security.web.authentication.AnonymousAuthenticationFilter [] : Set SecurityContextHolder to anonymous SecurityContext
2025-10-05 15:29:24,136 DEBUG [http-nio-8080-exec-3] org.springframework.security.web.FilterChainProxy [] : Secured GET /api/v1/events?page=0&size=5&sortBy=startTime&sortDir=asc&status=UPCOMING
2025-10-05 15:29:24,136 INFO [http-nio-8080-exec-3] API_BoPhieu.config.MdcFilter [02fcd3b9] : Request Bắt đầu: GET /api/v1/events
2025-10-05 15:29:24,202 DEBUG [http-nio-8080-exec-3] API_BoPhieu.controller.EventController [02fcd3b9] : API getAllEvents được gọi với các tham số: page=0, size=5, status='UPCOMING', search='null'
2025-10-05 15:29:24,272 DEBUG [http-nio-8080-exec-3] org.hibernate.SQL [02fcd3b9] : select e1_0.id,e1_0.banner,e1_0.create_by,e1_0.create_at,e1_0.description,e1_0.end_time,e1_0.location,e1_0.max_participants,e1_0.qr_join_token,e1_0.room_id,e1_0.start_time,e1_0.status,e1_0.title,e1_0.update_at,e1_0.url_docs from events e1_0 where e1_0.status=? and 1=1 order by e1_0.start_time limit ?,?
2025-10-05 15:29:24,308 DEBUG [http-nio-8080-exec-3] org.hibernate.SQL [02fcd3b9] : select count(e1_0.id) from events e1_0 where e1_0.status=? and 1=1
2025-10-05 15:29:24,317 DEBUG [http-nio-8080-exec-3] org.hibernate.SQL [02fcd3b9] : select em1_0.id,em1_0.assigned_by,em1_0.event_id,em1_0.type,em1_0.user_id from event_managers em1_0 where em1_0.event_id in (?,?,?,?,?)
2025-10-05 15:29:24,343 DEBUG [http-nio-8080-exec-3] org.hibernate.SQL [02fcd3b9] : select u1_0.id,u1_0.email,u1_0.enabled,u1_0.hash_password,u1_0.name,u1_0.password_reset_token,u1_0.password_reset_token_expiry,u1_0.phone_number,u1_0.unit_id from users u1_0 where u1_0.id in (?)
2025-10-05 15:29:24,359 DEBUG [http-nio-8080-exec-3] org.hibernate.SQL [02fcd3b9] : select r1_0.user_id,r1_1.id,r1_1.role_name from users_roles r1_0 join roles r1_1 on r1_1.id=r1_0.role_id where r1_0.user_id=?
2025-10-05 15:29:24,371 DEBUG [http-nio-8080-exec-3] org.hibernate.SQL [02fcd3b9] : select a1_0.event_id,count(a1_0.user_id) from attendants a1_0 where a1_0.event_id in (?,?,?,?,?) group by a1_0.event_id
2025-10-05 15:29:24,385 DEBUG [http-nio-8080-exec-3] org.hibernate.SQL [02fcd3b9] : select e1_0.status,count(e1_0.id) from events e1_0 group by e1_0.status
2025-10-05 15:29:24,405 INFO [http-nio-8080-exec-3] API_BoPhieu.config.MdcFilter [02fcd3b9] : Request Kết thúc: GET /api/v1/events - Thời gian: 269ms
2025-10-05 15:29:24,466 DEBUG [http-nio-8080-exec-4] org.springframework.security.web.FilterChainProxy [] : Securing GET /api/v1/uploads/banners/banner_event_2_1758759930581_1758759930583.jpg
2025-10-05 15:29:24,466 DEBUG [http-nio-8080-exec-6] org.springframework.security.web.FilterChainProxy [] : Securing GET /api/v1/uploads/banners/banner_event_3_1751338843309.png
2025-10-05 15:29:24,467 DEBUG [http-nio-8080-exec-4] org.springframework.security.web.authentication.AnonymousAuthenticationFilter [] : Set SecurityContextHolder to anonymous SecurityContext
2025-10-05 15:29:24,467 DEBUG [http-nio-8080-exec-5] org.springframework.security.web.FilterChainProxy [] : Securing GET /api/v1/uploads/banners/banner_event_1_1751338813866.png
2025-10-05 15:29:24,468 DEBUG [http-nio-8080-exec-4] org.springframework.security.web.FilterChainProxy [] : Secured GET /api/v1/uploads/banners/banner_event_2_1758759930581_1758759930583.jpg
2025-10-05 15:29:24,468 DEBUG [http-nio-8080-exec-6] org.springframework.security.web.authentication.AnonymousAuthenticationFilter [] : Set SecurityContextHolder to anonymous SecurityContext
2025-10-05 15:29:24,468 INFO [http-nio-8080-exec-4] API_BoPhieu.config.MdcFilter [f9fb9d57] : Request Bắt đầu: GET /api/v1/uploads/banners/banner_event_2_1758759930581_1758759930583.jpg
2025-10-05 15:29:24,468 DEBUG [http-nio-8080-exec-6] org.springframework.security.web.FilterChainProxy [] : Secured GET /api/v1/uploads/banners/banner_event_3_1751338843309.png
2025-10-05 15:29:24,468 DEBUG [http-nio-8080-exec-5] org.springframework.security.web.authentication.AnonymousAuthenticationFilter [] : Set SecurityContextHolder to anonymous SecurityContext
2025-10-05 15:29:24,468 INFO [http-nio-8080-exec-6] API_BoPhieu.config.MdcFilter [9660f657] : Request Bắt đầu: GET /api/v1/uploads/banners/banner_event_3_1751338843309.png
2025-10-05 15:29:24,469 DEBUG [http-nio-8080-exec-5] org.springframework.security.web.FilterChainProxy [] : Secured GET /api/v1/uploads/banners/banner_event_1_1751338813866.png
2025-10-05 15:29:24,469 INFO [http-nio-8080-exec-5] API_BoPhieu.config.MdcFilter [8b977b67] : Request Bắt đầu: GET /api/v1/uploads/banners/banner_event_1_1751338813866.png
2025-10-05 15:29:24,472 WARN [http-nio-8080-exec-5] API_BoPhieu.exception.GlobalExceptionHandler [8b977b67] : Tài nguyên tĩnh NOT FOUND: GET /api/v1/uploads/banners/banner_event_1_1751338813866.png
2025-10-05 15:29:24,472 WARN [http-nio-8080-exec-6] API_BoPhieu.exception.GlobalExceptionHandler [9660f657] : Tài nguyên tĩnh NOT FOUND: GET /api/v1/uploads/banners/banner_event_3_1751338843309.png
2025-10-05 15:29:24,472 WARN [http-nio-8080-exec-4] API_BoPhieu.exception.GlobalExceptionHandler [f9fb9d57] : Tài nguyên tĩnh NOT FOUND: GET /api/v1/uploads/banners/banner_event_2_1758759930581_1758759930583.jpg
2025-10-05 15:29:24,475 WARN [http-nio-8080-exec-6] org.springframework.web.servlet.mvc.method.annotation.ExceptionHandlerExceptionResolver [9660f657] : Resolved [org.springframework.web.servlet.resource.NoResourceFoundException: No static resource banners/banner_event_3_1751338843309.png.]
2025-10-05 15:29:24,476 WARN [http-nio-8080-exec-5] org.springframework.web.servlet.mvc.method.annotation.ExceptionHandlerExceptionResolver [8b977b67] : Resolved [org.springframework.web.servlet.resource.NoResourceFoundException: No static resource banners/banner_event_1_1751338813866.png.]
2025-10-05 15:29:24,475 WARN [http-nio-8080-exec-4] org.springframework.web.servlet.mvc.method.annotation.ExceptionHandlerExceptionResolver [f9fb9d57] : Resolved [org.springframework.web.servlet.resource.NoResourceFoundException: No static resource banners/banner_event_2_1758759930581_1758759930583.jpg.]
2025-10-05 15:29:24,476 INFO [http-nio-8080-exec-6] API_BoPhieu.config.MdcFilter [9660f657] : Request Kết thúc: GET /api/v1/uploads/banners/banner_event_3_1751338843309.png - Thời gian: 8ms
2025-10-05 15:29:24,476 INFO [http-nio-8080-exec-5] API_BoPhieu.config.MdcFilter [8b977b67] : Request Kết thúc: GET /api/v1/uploads/banners/banner_event_1_1751338813866.png - Thời gian: 7ms
2025-10-05 15:29:24,476 INFO [http-nio-8080-exec-4] API_BoPhieu.config.MdcFilter [f9fb9d57] : Request Kết thúc: GET /api/v1/uploads/banners/banner_event_2_1758759930581_1758759930583.jpg - Thời gian: 8ms
2025-10-05 15:30:00,044 INFO [scheduling-1] API_BoPhieu.scheduler.EventStatusScheduler [] : [CRON JOB] Đang chạy công việc cập nhật trạng thái sự kiện...
2025-10-05 15:30:00,075 DEBUG [scheduling-1] org.hibernate.SQL [] : update events e1_0 set status='ONGOING' where e1_0.status='UPCOMING' and e1_0.start_time<=?
2025-10-05 15:30:00,090 DEBUG [scheduling-1] org.hibernate.SQL [] : update events e1_0 set status='COMPLETED' where e1_0.status='ONGOING' and e1_0.end_time<=?
2025-10-05 15:30:26,707 INFO [SpringApplicationShutdownHook] org.springframework.boot.web.embedded.tomcat.GracefulShutdown [] : Commencing graceful shutdown. Waiting for active requests to complete
2025-10-05 15:30:26,720 INFO [tomcat-shutdown] org.springframework.boot.web.embedded.tomcat.GracefulShutdown [] : Graceful shutdown complete
2025-10-05 15:30:26,762 INFO [SpringApplicationShutdownHook] org.springframework.orm.jpa.LocalContainerEntityManagerFactoryBean [] : Closing JPA EntityManagerFactory for persistence unit 'default'
2025-10-05 15:30:26,770 INFO [SpringApplicationShutdownHook] com.zaxxer.hikari.HikariDataSource [] : HikariPool-1 - Shutdown initiated...
2025-10-05 15:30:26,784 INFO [SpringApplicationShutdownHook] com.zaxxer.hikari.HikariDataSource [] : HikariPool-1 - Shutdown completed.
